<?xml version="1.0" encoding="UTF-8"?>
<testsuite name="com.project.commercial.CommercialWebsiteProjectApplicationTests" tests="1" skipped="0" failures="0" errors="0" timestamp="2022-06-14T22:40:16" hostname="Tugce-MacBook-Air.local" time="1.666">
  <properties/>
  <testcase name="contextLoads()" classname="com.project.commercial.CommercialWebsiteProjectApplicationTests" time="1.666"/>
  <system-out><![CDATA[01:40:06.064 [Test worker] DEBUG org.springframework.test.context.BootstrapUtils - Instantiating CacheAwareContextLoaderDelegate from class [org.springframework.test.context.cache.DefaultCacheAwareContextLoaderDelegate]
01:40:06.087 [Test worker] DEBUG org.springframework.test.context.BootstrapUtils - Instantiating BootstrapContext using constructor [public org.springframework.test.context.support.DefaultBootstrapContext(java.lang.Class,org.springframework.test.context.CacheAwareContextLoaderDelegate)]
01:40:06.175 [Test worker] DEBUG org.springframework.test.context.BootstrapUtils - Instantiating TestContextBootstrapper for test class [com.project.commercial.CommercialWebsiteProjectApplicationTests] from class [org.springframework.boot.test.context.SpringBootTestContextBootstrapper]
01:40:06.203 [Test worker] INFO org.springframework.boot.test.context.SpringBootTestContextBootstrapper - Neither @ContextConfiguration nor @ContextHierarchy found for test class [com.project.commercial.CommercialWebsiteProjectApplicationTests], using SpringBootContextLoader
01:40:06.219 [Test worker] DEBUG org.springframework.test.context.support.AbstractContextLoader - Did not detect default resource location for test class [com.project.commercial.CommercialWebsiteProjectApplicationTests]: class path resource [com/project/commercial/CommercialWebsiteProjectApplicationTests-context.xml] does not exist
01:40:06.220 [Test worker] DEBUG org.springframework.test.context.support.AbstractContextLoader - Did not detect default resource location for test class [com.project.commercial.CommercialWebsiteProjectApplicationTests]: class path resource [com/project/commercial/CommercialWebsiteProjectApplicationTestsContext.groovy] does not exist
01:40:06.221 [Test worker] INFO org.springframework.test.context.support.AbstractContextLoader - Could not detect default resource locations for test class [com.project.commercial.CommercialWebsiteProjectApplicationTests]: no resource found for suffixes {-context.xml, Context.groovy}.
01:40:06.232 [Test worker] INFO org.springframework.test.context.support.AnnotationConfigContextLoaderUtils - Could not detect default configuration classes for test class [com.project.commercial.CommercialWebsiteProjectApplicationTests]: CommercialWebsiteProjectApplicationTests does not declare any static, non-private, non-final, nested classes annotated with @Configuration.
01:40:06.374 [Test worker] DEBUG org.springframework.test.context.support.ActiveProfilesUtils - Could not find an 'annotation declaring class' for annotation type [org.springframework.test.context.ActiveProfiles] and class [com.project.commercial.CommercialWebsiteProjectApplicationTests]
01:40:06.672 [Test worker] DEBUG org.springframework.context.annotation.ClassPathScanningCandidateComponentProvider - Identified candidate component class: file [/Users/tugcefatih/Documents/workspace-spring-tool-suite-4-4.14.1.RELEASE/CommercialWebsiteProject/build/classes/java/main/com/project/commercial/CommercialWebsiteProjectApplication.class]
01:40:06.674 [Test worker] INFO org.springframework.boot.test.context.SpringBootTestContextBootstrapper - Found @SpringBootConfiguration com.project.commercial.CommercialWebsiteProjectApplication for test class com.project.commercial.CommercialWebsiteProjectApplicationTests
01:40:07.071 [Test worker] DEBUG org.springframework.boot.test.context.SpringBootTestContextBootstrapper - @TestExecutionListeners is not present for class [com.project.commercial.CommercialWebsiteProjectApplicationTests]: using defaults.
01:40:07.072 [Test worker] INFO org.springframework.boot.test.context.SpringBootTestContextBootstrapper - Loaded default TestExecutionListener class names from location [META-INF/spring.factories]: [org.springframework.boot.test.autoconfigure.restdocs.RestDocsTestExecutionListener, org.springframework.boot.test.autoconfigure.web.client.MockRestServiceServerResetTestExecutionListener, org.springframework.boot.test.autoconfigure.web.servlet.MockMvcPrintOnlyOnFailureTestExecutionListener, org.springframework.boot.test.autoconfigure.web.servlet.WebDriverTestExecutionListener, org.springframework.boot.test.autoconfigure.webservices.client.MockWebServiceServerTestExecutionListener, org.springframework.boot.test.mock.mockito.MockitoTestExecutionListener, org.springframework.boot.test.mock.mockito.ResetMocksTestExecutionListener, org.springframework.test.context.web.ServletTestExecutionListener, org.springframework.test.context.support.DirtiesContextBeforeModesTestExecutionListener, org.springframework.test.context.event.ApplicationEventsTestExecutionListener, org.springframework.test.context.support.DependencyInjectionTestExecutionListener, org.springframework.test.context.support.DirtiesContextTestExecutionListener, org.springframework.test.context.transaction.TransactionalTestExecutionListener, org.springframework.test.context.jdbc.SqlScriptsTestExecutionListener, org.springframework.test.context.event.EventPublishingTestExecutionListener]
01:40:07.141 [Test worker] INFO org.springframework.boot.test.context.SpringBootTestContextBootstrapper - Using TestExecutionListeners: [org.springframework.test.context.web.ServletTestExecutionListener@2d35442b, org.springframework.test.context.support.DirtiesContextBeforeModesTestExecutionListener@27f9e982, org.springframework.test.context.event.ApplicationEventsTestExecutionListener@4593ff34, org.springframework.boot.test.mock.mockito.MockitoTestExecutionListener@37d3d232, org.springframework.boot.test.autoconfigure.SpringBootDependencyInjectionTestExecutionListener@30c0ccff, org.springframework.test.context.support.DirtiesContextTestExecutionListener@581d969c, org.springframework.test.context.transaction.TransactionalTestExecutionListener@22db8f4, org.springframework.test.context.jdbc.SqlScriptsTestExecutionListener@2b46a8c1, org.springframework.test.context.event.EventPublishingTestExecutionListener@1d572e62, org.springframework.boot.test.autoconfigure.restdocs.RestDocsTestExecutionListener@29caf222, org.springframework.boot.test.autoconfigure.web.client.MockRestServiceServerResetTestExecutionListener@46cf05f7, org.springframework.boot.test.autoconfigure.web.servlet.MockMvcPrintOnlyOnFailureTestExecutionListener@5851bd4f, org.springframework.boot.test.autoconfigure.web.servlet.WebDriverTestExecutionListener@7cd1ac19, org.springframework.boot.test.autoconfigure.webservices.client.MockWebServiceServerTestExecutionListener@2f40a43, org.springframework.boot.test.mock.mockito.ResetMocksTestExecutionListener@3caa4757]
01:40:07.149 [Test worker] DEBUG org.springframework.test.context.support.AbstractDirtiesContextTestExecutionListener - Before test class: context [DefaultTestContext@320e400 testClass = CommercialWebsiteProjectApplicationTests, testInstance = [null], testMethod = [null], testException = [null], mergedContextConfiguration = [WebMergedContextConfiguration@5167268 testClass = CommercialWebsiteProjectApplicationTests, locations = '{}', classes = '{class com.project.commercial.CommercialWebsiteProjectApplication}', contextInitializerClasses = '[]', activeProfiles = '{}', propertySourceLocations = '{}', propertySourceProperties = '{org.springframework.boot.test.context.SpringBootTestContextBootstrapper=true}', contextCustomizers = set[org.springframework.boot.test.autoconfigure.actuate.metrics.MetricsExportContextCustomizerFactory$DisableMetricExportContextCustomizer@2cae1042, org.springframework.boot.test.autoconfigure.properties.PropertyMappingContextCustomizer@0, org.springframework.boot.test.autoconfigure.web.servlet.WebDriverContextCustomizerFactory$Customizer@79145d5a, org.springframework.boot.test.context.filter.ExcludeFilterContextCustomizer@6821ea29, org.springframework.boot.test.json.DuplicateJsonObjectContextCustomizerFactory$DuplicateJsonObjectContextCustomizer@5af3a0f, org.springframework.boot.test.mock.mockito.MockitoContextCustomizer@0, org.springframework.boot.test.web.client.TestRestTemplateContextCustomizer@7c2b6087, org.springframework.boot.test.context.SpringBootTestArgs@1, org.springframework.boot.test.context.SpringBootTestWebEnvironment@4ee203eb], resourceBasePath = 'src/main/webapp', contextLoader = 'org.springframework.boot.test.context.SpringBootContextLoader', parent = [null]], attributes = map['org.springframework.test.context.web.ServletTestExecutionListener.activateListener' -> true]], class annotated with @DirtiesContext [false] with mode [null].

  .   ____          _            __ _ _
 /\\ / ___'_ __ _ _(_)_ __  __ _ \ \ \ \
( ( )\___ | '_ | '_| | '_ \/ _` | \ \ \ \
 \\/  ___)| |_)| | | | | || (_| |  ) ) ) )
  '  |____| .__|_| |_|_| |_\__, | / / / /
 =========|_|==============|___/=/_/_/_/
 :: Spring Boot ::                (v2.7.0)

2022-06-15 01:40:08.634  INFO 4202 --- [    Test worker] CommercialWebsiteProjectApplicationTests : Starting CommercialWebsiteProjectApplicationTests using Java 17.0.2 on Tugce-MacBook-Air.local with PID 4202 (started by tugcefatih in /Users/tugcefatih/Documents/workspace-spring-tool-suite-4-4.14.1.RELEASE/CommercialWebsiteProject)
2022-06-15 01:40:08.646  INFO 4202 --- [    Test worker] CommercialWebsiteProjectApplicationTests : No active profile set, falling back to 1 default profile: "default"
2022-06-15 01:40:09.800  INFO 4202 --- [    Test worker] .s.d.r.c.RepositoryConfigurationDelegate : Bootstrapping Spring Data MongoDB repositories in DEFAULT mode.
2022-06-15 01:40:09.983  INFO 4202 --- [    Test worker] .s.d.r.c.RepositoryConfigurationDelegate : Finished Spring Data repository scanning in 137 ms. Found 3 MongoDB repository interfaces.
2022-06-15 01:40:11.820  INFO 4202 --- [}-mongodb:27017] org.mongodb.driver.cluster               : Exception in monitor thread while connecting to server mongodb:27017

com.mongodb.MongoSocketException: mongodb: nodename nor servname provided, or not known
	at com.mongodb.ServerAddress.getSocketAddresses(ServerAddress.java:217) ~[mongodb-driver-core-4.6.0.jar:na]
	at com.mongodb.internal.connection.SocketStream.initializeSocket(SocketStream.java:75) ~[mongodb-driver-core-4.6.0.jar:na]
	at com.mongodb.internal.connection.SocketStream.open(SocketStream.java:65) ~[mongodb-driver-core-4.6.0.jar:na]
	at com.mongodb.internal.connection.InternalStreamConnection.open(InternalStreamConnection.java:180) ~[mongodb-driver-core-4.6.0.jar:na]
	at com.mongodb.internal.connection.DefaultServerMonitor$ServerMonitorRunnable.lookupServerDescription(DefaultServerMonitor.java:193) ~[mongodb-driver-core-4.6.0.jar:na]
	at com.mongodb.internal.connection.DefaultServerMonitor$ServerMonitorRunnable.run(DefaultServerMonitor.java:157) ~[mongodb-driver-core-4.6.0.jar:na]
	at java.base/java.lang.Thread.run(Thread.java:833) ~[na:na]
Caused by: java.net.UnknownHostException: mongodb: nodename nor servname provided, or not known
	at java.base/java.net.Inet6AddressImpl.lookupAllHostAddr(Native Method) ~[na:na]
	at java.base/java.net.InetAddress$PlatformNameService.lookupAllHostAddr(InetAddress.java:933) ~[na:na]
	at java.base/java.net.InetAddress.getAddressesFromNameService(InetAddress.java:1519) ~[na:na]
	at java.base/java.net.InetAddress$NameServiceAddresses.get(InetAddress.java:852) ~[na:na]
	at java.base/java.net.InetAddress.getAllByName0(InetAddress.java:1509) ~[na:na]
	at java.base/java.net.InetAddress.getAllByName(InetAddress.java:1367) ~[na:na]
	at java.base/java.net.InetAddress.getAllByName(InetAddress.java:1301) ~[na:na]
	at com.mongodb.ServerAddress.getSocketAddresses(ServerAddress.java:209) ~[mongodb-driver-core-4.6.0.jar:na]
	... 6 common frames omitted

2022-06-15 01:40:11.874  INFO 4202 --- [    Test worker] org.mongodb.driver.client                : MongoClient with metadata {"driver": {"name": "mongo-java-driver|sync", "version": "4.6.0"}, "os": {"type": "Darwin", "name": "Mac OS X", "architecture": "x86_64", "version": "10.15.3"}, "platform": "Java/Eclipse Adoptium/17.0.2+8"} created with settings MongoClientSettings{readPreference=primary, writeConcern=WriteConcern{w=null, wTimeout=null ms, journal=null}, retryWrites=true, retryReads=true, readConcern=ReadConcern{level=null}, credential=null, streamFactoryFactory=null, commandListeners=[], codecRegistry=ProvidersCodecRegistry{codecProviders=[ValueCodecProvider{}, BsonValueCodecProvider{}, DBRefCodecProvider{}, DBObjectCodecProvider{}, DocumentCodecProvider{}, IterableCodecProvider{}, MapCodecProvider{}, GeoJsonCodecProvider{}, GridFSFileCodecProvider{}, Jsr310CodecProvider{}, JsonObjectCodecProvider{}, BsonCodecProvider{}, EnumCodecProvider{}, com.mongodb.Jep395RecordCodecProvider@78da899f]}, clusterSettings={hosts=[mongodb:27017], srvServiceName=mongodb, mode=SINGLE, requiredClusterType=UNKNOWN, requiredReplicaSetName='null', serverSelector='null', clusterListeners='[]', serverSelectionTimeout='30000 ms', localThreshold='30000 ms'}, socketSettings=SocketSettings{connectTimeoutMS=10000, readTimeoutMS=0, receiveBufferSize=0, sendBufferSize=0}, heartbeatSocketSettings=SocketSettings{connectTimeoutMS=10000, readTimeoutMS=10000, receiveBufferSize=0, sendBufferSize=0}, connectionPoolSettings=ConnectionPoolSettings{maxSize=100, minSize=0, maxWaitTimeMS=120000, maxConnectionLifeTimeMS=0, maxConnectionIdleTimeMS=0, maintenanceInitialDelayMS=0, maintenanceFrequencyMS=60000, connectionPoolListeners=[], maxConnecting=2}, serverSettings=ServerSettings{heartbeatFrequencyMS=10000, minHeartbeatFrequencyMS=500, serverListeners='[]', serverMonitorListeners='[]'}, sslSettings=SslSettings{enabled=false, invalidHostNameAllowed=false, context=null}, applicationName='null', compressorList=[], uuidRepresentation=UNSPECIFIED, serverApi=null, autoEncryptionSettings=null, contextProvider=null}
Orderservice worked 
Orderservice worked 
Userdao worked!
Product(id=1, name=Social Pizza, ingredients=Pepperoni, corn, mozarella, sizes=S / M / L, prices=3£ / 4£ / 5£, size=null, price=null)
Product(id=2, name=3 Cheese Pizza, ingredients=Cheddar, Gouda, and Mozzarella, sizes=S / M / L, prices=3.5£ / 4.5£ / 5.5£, size=null, price=null)
Product(id=3, name=Peperoni Pizza, ingredients=Pepperoni, mozarella, olive, sausage, sizes=S / M / L, prices=2.5£ / 3.5£ / 4.5£, size=null, price=null)
Product(id=4, name=Mixed Pizza, ingredients=Pepperoni, corn, mozarella, sizes=S / M / L, prices=4£ / 4,5£ / 5.5£, size=null, price=null)
Product(id=5, name=4 Season Pizza, ingredients=Pastrami, sausage, mushroom,mozarella, sizes=S / M / L, prices=5£ / 5.5£ / 6£, size=null, price=null)
Userservice worked!
2022-06-15 01:40:15.957  INFO 4202 --- [    Test worker] CommercialWebsiteProjectApplicationTests : Started CommercialWebsiteProjectApplicationTests in 8.572 seconds (JVM running for 12.92)
]]></system-out>
  <system-err><![CDATA[]]></system-err>
</testsuite>
